<?xml version="1.0" encoding="UTF-8"?>
<!-- Generated by org.testng.reporters.JUnitReportReporter -->
<testsuite hostname="DESKTOP-0RQF8FK" name="testrunners.EmployeeRegTestRunner" tests="1" failures="0" timestamp="7 May 2021 07:23:46 GMT" time="16.273" errors="0">
  <testcase name="feature" time="16.273" classname="testrunners.EmployeeRegTestRunner"/>
</testsuite> <!-- testrunners.EmployeeRegTestRunner -->
