<?xml version="1.0" encoding="UTF-8"?>
<!-- Generated by org.testng.reporters.JUnitReportReporter -->
<testsuite hostname="DESKTOP-0RQF8FK" name="testrunners.AdminLoginTestRunner" tests="1" failures="0" timestamp="7 May 2021 07:23:46 GMT" time="39.116" errors="0">
  <testcase name="feature" time="39.116" classname="testrunners.AdminLoginTestRunner"/>
</testsuite> <!-- testrunners.AdminLoginTestRunner -->
