<?xml version="1.0" encoding="UTF-8"?>
<!-- Generated by org.testng.reporters.JUnitReportReporter -->
<testsuite hostname="Prashanth" name="calculator.library.calcOperations" tests="1" failures="0" timestamp="1 May 2021 14:41:15 GMT" time="0.653" errors="0">
  <testcase name="adding" time="0.653" classname="calculator.library.calcOperations"/>
</testsuite> <!-- calculator.library.calcOperations -->
